<?xml version="1.0" encoding="utf-8"?><testsuites name="pytest tests"><testsuite name="pytest" errors="0" failures="0" skipped="0" tests="13" time="5.763" timestamp="2026-01-12T23:09:11.615944+00:00" hostname="agent-env-563d546a-ad4f-4e03-bfd5-fa30a14fe104"><testcase classname="tests.test_backend_api.TestHealthEndpoint" name="test_health_check_returns_200" time="0.573" /><testcase classname="tests.test_backend_api.TestAuthEndpoints" name="test_login_with_valid_credentials" time="0.230" /><testcase classname="tests.test_backend_api.TestAuthEndpoints" name="test_login_with_invalid_credentials" time="0.262" /><testcase classname="tests.test_backend_api.TestAuthEndpoints" name="test_login_with_wrong_password" time="0.494" /><testcase classname="tests.test_backend_api.TestAuthEndpoints" name="test_login_with_empty_credentials" time="0.265" /><testcase classname="tests.test_backend_api.TestAuthEndpoints" name="test_verify_token_valid" time="0.484" /><testcase classname="tests.test_backend_api.TestAuthEndpoints" name="test_verify_token_invalid" time="0.208" /><testcase classname="tests.test_backend_api.TestStatsEndpoint" name="test_get_stats_returns_200" time="0.315" /><testcase classname="tests.test_backend_api.TestSessionEndpoints" name="test_get_session_status" time="0.422" /><testcase classname="tests.test_backend_api.TestChannelsEndpoints" name="test_get_monitored_channels" time="0.455" /><testcase classname="tests.test_backend_api.TestSignalsEndpoints" name="test_get_signals_with_pagination" time="0.292" /><testcase classname="tests.test_backend_api.TestSignalsEndpoints" name="test_get_signals_with_status_filter" time="0.225" /><testcase classname="tests.test_backend_api.TestMonitoringEndpoints" name="test_get_monitoring_status" time="0.297" /></testsuite></testsuites>